This is pdfTeX, Version 3.1415926-2.5-1.40.14 (MiKTeX 2.9 64-bit) (preloaded format=latex 2015.8.5)  10 MAY 2016 00:42
entering extended mode
**forloop.ins
(C:\Users\LJSenger\Dropbox\aulas\mc\modelo-pre-projeto\forloop.ins
LaTeX2e <2014/05/01>
Babel <3.9k> and hyphenation patterns for 68 languages loaded.
("C:\Program Files\MiKTeX 2.9\tex\latex\base\docstrip.tex"
\blockLevel=\count79
\emptyLines=\count80
\processedLines=\count81
\commentsRemoved=\count82
\commentsPassed=\count83
\codeLinesPassed=\count84
\TotalprocessedLines=\count85
\TotalcommentsRemoved=\count86
\TotalcommentsPassed=\count87
\TotalcodeLinesPassed=\count88
\NumberOfFiles=\count89
\inFile=\read1
\inputcheck=\read2
\off@0=\count90
\off@1=\count91
\off@2=\count92
\off@3=\count93
\off@4=\count94
\off@5=\count95
\off@6=\count96
\off@7=\count97
\off@8=\count98
\off@9=\count99
\off@10=\count100
\off@11=\count101
\off@12=\count102
\off@13=\count103
\off@14=\count104
\off@15=\count105
\@maxfiles=\count106
\@maxoutfiles=\count107

Utility: `docstrip' 2.5d <2005/07/29>
English documentation    <2014/04/19>

**********************************************************
* This program converts documented macro-files into fast *
* loadable files by stripping off (nearly) all comments! *
**********************************************************

********************************************************
* No Configuration file found, using default settings. *
********************************************************

) File ./forloop.sty already exists on the system.
Overwrite it? [y/n]
\answer=y

Generating file(s) ./forloop.sty 

Processing file forloop.dtx (package) -> forloop.sty
File forloop.dtx ended by \endinput.
Lines  processed: 143
Comments removed: 85
Comments  passed: 15
Codelines passed: 37

****************************************************
*                                                  *
* To finish the installation you have to move the  *
* following file into a directory searched by TeX: *
*                                                  *
* forloop.sty                                      *
*                                                  *
* To produce the documentation run the file        *
* forloop.dtx through LaTeX.                       *
*                                                  *
*                                                  *
****************************************************
 ) 
Here is how much of TeX's memory you used:
 313 strings out of 493707
 3257 string characters out of 3144601
 56142 words of memory out of 3000000
 3727 multiletter control sequences out of 15000+200000
 3640 words of font info for 14 fonts, out of 3000000 for 9000
 1025 hyphenation exceptions out of 8191
 11i,0n,15p,193b,119s stack positions out of 5000i,500n,10000p,200000b,50000s

No pages of output.
